<?xml version="1.0" encoding="UTF-8" standalone="no"?>
<testsuite failures="0" name="cucumber.runtime.formatter.JUnitFormatter" skipped="0" tests="1" time="35.859957">
<testcase classname="To Validate the login functionality of Skytrans Application" name="To validate the Booking with valid and invalid credentials" time="35.859957">
<system-out><![CDATA[Given The user should be in Booking page....................................passed
When The user should enter the Arrival and Departure Details................passed
And The user should select the from and to date.............................passed
Then The user should be next page...........................................passed
]]></system-out>
</testcase>
</testsuite>
